> Task :app:preBuild UP-TO-DATE
> Task :app:preDebugBuild UP-TO-DATE
> Task :models:checksum
> Task :models:list
> Task :models:preBuild
> Task :models:preDebugBuild
> Task :models:compileDebugAidl NO-SOURCE
> Task :models:packageDebugRenderscript NO-SOURCE
> Task :app:checkDebugManifest
> Task :app:compileDebugAidl NO-SOURCE
> Task :app:generateDebugBuildConfig
> Task :app:compileDebugRenderscript NO-SOURCE
> Task :app:mainApkListPersistenceDebug
> Task :app:generateDebugResValues
> Task :app:generateDebugResources
> Task :models:generateDebugResValues
> Task :app:createDebugCompatibleScreenManifests
> Task :models:compileDebugRenderscript NO-SOURCE
> Task :models:generateDebugResources
> Task :models:packageDebugResources
> Task :models:checkDebugManifest
> Task :models:processDebugManifest
> Task :app:processDebugManifest
> Task :models:generateDebugBuildConfig
> Task :models:parseDebugLibraryResources
> Task :app:mergeDebugResources
> Task :models:generateDebugRFile
> Task :app:processDebugResources
> Task :models:compileDebugKotlin
> Task :app:mergeDebugShaders
> Task :app:compileDebugShaders
> Task :app:generateDebugAssets
> Task :models:mergeDebugShaders
> Task :models:compileDebugShaders
> Task :models:generateDebugAssets
> Task :models:packageDebugAssets
> Task :app:mergeDebugAssets
> Task :models:javaPreCompileDebug
> Task :models:compileDebugJavaWithJavac
> Task :app:processDebugJavaRes NO-SOURCE
> Task :models:bundleLibCompileDebug

> Task :app:compileDebugKotlin FAILED
e: /home/circleci/project/app/src/main/java/com/example/grape/userinterface/components/views/SliceModeSlider.kt: (44, 57): Unresolved reference: currentSliceIndex
e: /home/circleci/project/app/src/main/java/com/example/grape/userinterface/components/views/SliceModeSlider.kt: (45, 28): Unresolved reference: currentSliceIndex
e: /home/circleci/project/app/src/main/java/com/example/grape/userinterface/components/views/SliceModeSlider.kt: (58, 19): Unresolved reference: displayMode
e: /home/circleci/project/app/src/main/java/com/example/grape/userinterface/components/views/SliceModeSlider.kt: (58, 55): Type inference failed: Not enough information to infer parameter T in fun <T : Any!> Observer(function: (T!) -> Unit): Observer<T>
Please specify it explicitly.

e: /home/circleci/project/app/src/main/java/com/example/grape/userinterface/components/views/SliceModeSlider.kt: (59, 19): Unresolved reference: currentSliceIndex
e: /home/circleci/project/app/src/main/java/com/example/grape/userinterface/components/views/SliceModeSlider.kt: (59, 61): Type inference failed: Not enough information to infer parameter T in fun <T : Any!> Observer(function: (T!) -> Unit): Observer<T>
Please specify it explicitly.

e: /home/circleci/project/app/src/main/java/com/example/grape/userinterface/components/views/SliceModeSlider.kt: (60, 47): Unresolved reference: sliceCount
e: /home/circleci/project/app/src/main/java/com/example/grape/userinterface/components/views/SliceModeSlider.kt: (62, 19): Unresolved reference: sliceCount
e: /home/circleci/project/app/src/main/java/com/example/grape/userinterface/components/views/SliceModeSlider.kt: (62, 54): Type inference failed: Not enough information to infer parameter T in fun <T : Any!> Observer(function: (T!) -> Unit): Observer<T>
Please specify it explicitly.

e: /home/circleci/project/app/src/main/java/com/example/grape/userinterface/components/views/SliceModeSlider.kt: (62, 65): Cannot infer a type for this parameter. Please specify it explicitly.
e: /home/circleci/project/app/src/main/java/com/example/grape/userinterface/components/views/SliceModeSlider.kt: (63, 41): Unresolved reference: currentSliceIndex
e: /home/circleci/project/app/src/main/java/com/example/grape/userinterface/components/views/SliceModeSlider.kt: (79, 24): Unresolved reference: displayMode

FAILURE: Build failed with an exception.

* What went wrong:
Execution failed for task ':app:compileDebugKotlin'.
> Compilation error. See log for more details

* Try:
Run with --stacktrace option to get the stack trace. Run with --info or --debug option to get more log output. Run with --scan to get full insights.

* Get more help at https://help.gradle.org

Deprecated Gradle features were used in this build, making it incompatible with Gradle 6.0.
Use '--warning-mode all' to show the individual deprecation warnings.
See https://docs.gradle.org/5.4.1/userguide/command_line_interface.html#sec:command_line_warnings

BUILD FAILED in 23s
28 actionable tasks: 28 executed

Exited with code exit status 1
